<?xml version="1.0" encoding="UTF-8"?>
<!-- Generated by org.testng.reporters.JUnitXMLReporter -->
<testsuite ignored="10" hostname="Nikolas-Mac.local" failures="0" tests="14" name="Test" time="134.566" errors="0" timestamp="2024-01-28T04:52:15 PST">
  <testcase classname="com.qa.tests.LoginTests" name="invalidUserName" time="23.739"/>
  <testcase classname="com.qa.tests.LoginTests" name="invalidPassword" time="19.94"/>
  <testcase classname="com.qa.tests.LoginTests" name="successfulLogin" time="16.041"/>
  <testcase classname="com.qa.tests.ProductsTests" name="pressBtn" time="4.257"/>
  <testcase classname="com.qa.tests.ProductsTests" name="swipe" time="7.277"/>
  <testcase classname="com.qa.tests.ProductsTests" name="addCart" time="3.351"/>
  <testcase classname="com.qa.tests.CartTests" name="clickCart" time="1.705"/>
  <testcase classname="com.qa.tests.CartTests" name="clickCheckOut" time="5.877"/>
  <testcase classname="com.qa.tests.CartTests" name="enterFirstName" time="5.217"/>
  <testcase classname="com.qa.tests.CartTests" name="enterLastName" time="5.475"/>
  <testcase classname="com.qa.tests.CartTests" name="enterPostalCode" time="5.39"/>
  <testcase classname="com.qa.tests.CartTests" name="cont" time="8.348"/>
  <testcase classname="com.qa.tests.CartTests" name="swipingToFinishBtn" time="5.63"/>
  <testcase classname="com.qa.tests.CartTests" name="clickOnFinish" time="5.47"/>
  <testcase classname="reports.ExtentReportsDemo" name="@BeforeSuite reportSetup" time="0.0">
    <ignored/>
  </testcase> <!-- @BeforeSuite reportSetup -->
  <testcase classname="com.qa.BaseTest" name="@BeforeTest beforeTest" time="0.0">
    <ignored/>
  </testcase> <!-- @BeforeTest beforeTest -->
  <testcase classname="com.qa.BaseTest" name="@BeforeTest beforeTest" time="0.0">
    <ignored/>
  </testcase> <!-- @BeforeTest beforeTest -->
  <testcase classname="reports.ExtentReportsDemo" name="@BeforeSuite reportSetup" time="0.0">
    <ignored/>
  </testcase> <!-- @BeforeSuite reportSetup -->
  <testcase classname="com.qa.BaseTest" name="@AfterTest afterTest" time="0.0">
    <ignored/>
  </testcase> <!-- @AfterTest afterTest -->
  <testcase classname="reports.ExtentReportsDemo" name="@AfterSuite reportTearDown" time="0.0">
    <ignored/>
  </testcase> <!-- @AfterSuite reportTearDown -->
  <testcase classname="reports.ExtentReportsDemo" name="@BeforeSuite reportSetup" time="0.0">
    <ignored/>
  </testcase> <!-- @BeforeSuite reportSetup -->
  <testcase classname="reports.ExtentReportsDemo" name="@AfterSuite reportTearDown" time="0.0">
    <ignored/>
  </testcase> <!-- @AfterSuite reportTearDown -->
  <testcase classname="com.qa.BaseTest" name="@AfterTest afterTest" time="0.0">
    <ignored/>
  </testcase> <!-- @AfterTest afterTest -->
  <testcase classname="reports.ExtentReportsDemo" name="@AfterSuite reportTearDown" time="0.0">
    <ignored/>
  </testcase> <!-- @AfterSuite reportTearDown -->
</testsuite> <!-- Test -->
