<?xml version="1.0" encoding="UTF-8"?>
<!-- Generated by org.testng.reporters.JUnitXMLReporter -->
<testsuite ignored="10" hostname="Nikolas-Mac.local" failures="0" tests="14" name="Test" time="0.092" errors="0" timestamp="2024-02-11T09:33:15 PST">
  <testcase classname="com.qa.BaseTest" name="@BeforeTest beforeTest" time="0.01">
    <failure type="java.io.FileNotFoundException" message="Property file &amp;apos;src/test/resources/config.properties&amp;apos; not found in the classpath">
      <![CDATA[java.io.FileNotFoundException: Property file 'src/test/resources/config.properties' not found in the classpath
at com.qa.BaseTest.beforeTest(BaseTest.java:67)
... Removed 24 stack frames]]>
    </failure>
  </testcase> <!-- @BeforeTest beforeTest -->
  <testcase classname="com.qa.tests.LoginTests" name="@BeforeMethod beforeMethod" time="0.0">
    <skipped/>
  </testcase> <!-- @BeforeMethod beforeMethod -->
  <testcase classname="com.qa.BaseTest" name="@AfterTest afterTest" time="0.0">
    <skipped/>
  </testcase> <!-- @AfterTest afterTest -->
  <testcase classname="com.qa.tests.LoginTests" name="invalidUserName" time="0.0">
    <skipped/>
  </testcase> <!-- invalidUserName -->
  <testcase classname="com.qa.tests.LoginTests" name="invalidPassword" time="0.0">
    <skipped/>
  </testcase> <!-- invalidPassword -->
  <testcase classname="com.qa.tests.LoginTests" name="successfulLogin" time="0.0">
    <skipped/>
  </testcase> <!-- successfulLogin -->
  <testcase classname="com.qa.tests.ProductsTests" name="pressBtn" time="0.0">
    <skipped/>
  </testcase> <!-- pressBtn -->
  <testcase classname="com.qa.tests.ProductsTests" name="swipe" time="0.0">
    <skipped/>
  </testcase> <!-- swipe -->
  <testcase classname="com.qa.tests.ProductsTests" name="addCart" time="0.0">
    <skipped/>
  </testcase> <!-- addCart -->
  <testcase classname="com.qa.tests.CartTests" name="clickCart" time="0.0">
    <skipped/>
  </testcase> <!-- clickCart -->
  <testcase classname="com.qa.tests.CartTests" name="clickCheckOut" time="0.001">
    <skipped/>
  </testcase> <!-- clickCheckOut -->
  <testcase classname="com.qa.tests.CartTests" name="enterFirstName" time="0.001">
    <skipped/>
  </testcase> <!-- enterFirstName -->
  <testcase classname="com.qa.tests.CartTests" name="enterLastName" time="0.0">
    <skipped/>
  </testcase> <!-- enterLastName -->
  <testcase classname="com.qa.tests.CartTests" name="enterPostalCode" time="0.0">
    <skipped/>
  </testcase> <!-- enterPostalCode -->
  <testcase classname="com.qa.tests.CartTests" name="cont" time="0.001">
    <skipped/>
  </testcase> <!-- cont -->
  <testcase classname="com.qa.tests.CartTests" name="swipingToFinishBtn" time="0.0">
    <skipped/>
  </testcase> <!-- swipingToFinishBtn -->
  <testcase classname="com.qa.tests.CartTests" name="clickOnFinish" time="0.001">
    <skipped/>
  </testcase> <!-- clickOnFinish -->
  <testcase classname="com.qa.BaseTest" name="@AfterTest afterTest" time="0.0">
    <ignored/>
  </testcase> <!-- @AfterTest afterTest -->
  <testcase classname="reports.ExtentReportsDemo" name="@BeforeSuite reportSetup" time="0.0">
    <ignored/>
  </testcase> <!-- @BeforeSuite reportSetup -->
  <testcase classname="reports.ExtentReportsDemo" name="@AfterSuite reportTearDown" time="0.0">
    <ignored/>
  </testcase> <!-- @AfterSuite reportTearDown -->
  <testcase classname="com.qa.BaseTest" name="@BeforeTest beforeTest" time="0.0">
    <ignored/>
  </testcase> <!-- @BeforeTest beforeTest -->
  <testcase classname="reports.ExtentReportsDemo" name="@AfterSuite reportTearDown" time="0.0">
    <ignored/>
  </testcase> <!-- @AfterSuite reportTearDown -->
  <testcase classname="reports.ExtentReportsDemo" name="@BeforeSuite reportSetup" time="0.0">
    <ignored/>
  </testcase> <!-- @BeforeSuite reportSetup -->
  <testcase classname="com.qa.BaseTest" name="@AfterTest afterTest" time="0.0">
    <ignored/>
  </testcase> <!-- @AfterTest afterTest -->
  <testcase classname="reports.ExtentReportsDemo" name="@BeforeSuite reportSetup" time="0.0">
    <ignored/>
  </testcase> <!-- @BeforeSuite reportSetup -->
  <testcase classname="reports.ExtentReportsDemo" name="@AfterSuite reportTearDown" time="0.0">
    <ignored/>
  </testcase> <!-- @AfterSuite reportTearDown -->
  <testcase classname="com.qa.BaseTest" name="@BeforeTest beforeTest" time="0.0">
    <ignored/>
  </testcase> <!-- @BeforeTest beforeTest -->
</testsuite> <!-- Test -->
